

<!DOCTYPE html>
<html>
<head>
<meta charset="utf-8">
<meta name="viewport" content="width=device-width, initial-scale=1, shrink-to-fit=no">
<title></title>
<link rel="apple-touch-icon" href="https://cdn.jsdelivr.net/gh/extent-framework/extent-github-cdn@b00a2d0486596e73dd7326beacf352c639623a0e/commons/img/logo.png">
<link rel="shortcut icon" href="https://cdn.jsdelivr.net/gh/extent-framework/extent-github-cdn@b00a2d0486596e73dd7326beacf352c639623a0e/commons/img/logo.png">
<link href="https://cdn.jsdelivr.net/gh/extent-framework/extent-github-cdn@c43b89d03a7c43dae8bb8f0f078bad1997af6b3b/spark/css/spark-style.css" rel="stylesheet" />
<link href="https://stackpath.bootstrapcdn.com/font-awesome/4.7.0/css/font-awesome.min.css" rel="stylesheet">
<script src="https://cdn.rawgit.com/extent-framework/extent-github-cdn/7cc78ce/spark/js/jsontree.js"></script>
<style type="text/css"></style></head><body class="spa bdd-report standard">
  <div class="app">
    <div class="layout">
<div class="header navbar">
<div class="vheader">
<div class="nav-logo">
<a href="#">
<div class="logo" style="background-image: url('https://cdn.jsdelivr.net/gh/extent-framework/extent-github-cdn@b00a2d0486596e73dd7326beacf352c639623a0e/commons/img/logo.png')"></div>
</a>
</div>
<ul class="nav-left">
<li class="search-box">
<a class="search-toggle" href="#">
<i class="search-icon fa fa-search"></i>
<i class="search-icon-close fa fa-close"></i>
</a>
</li>
<li class="search-input"><input id="search-tests" class="form-control" type="text" placeholder="Search..."></li>
</ul>
<ul class="nav-right">
<li class="m-r-10">
<a href="#"><span class="badge badge-primary"></span></a>
</li>
<li class="m-r-10">
<a href="#"><span class="badge badge-primary">Jul 10, 2025 08:39:15 am</span></a>
</li>
</ul>
</div>
</div><div class="side-nav">
<div class="side-nav-inner">
<ul class="side-nav-menu">
<li class="nav-item dropdown" onclick="toggleView('test-view')">
<a id="nav-test" class="dropdown-toggle" href="#">
<span class="ico"><i class="fa fa-list"></i></span>
</a>
</li>
<li class="nav-item dropdown" onclick="toggleView('exception-view')">
<a id="nav-exception" class="dropdown-toggle" href="#">
<span class="ico"><i class="fa fa-bug"></i></span>
</a>
</li>
<li class="nav-item dropdown" onclick="toggleView('dashboard-view')">
<a id="nav-dashboard" class="dropdown-toggle" href="#">
<span class="ico"><i class="fa fa-bar-chart"></i></span>
</a>
</li>
</ul>
</div>
</div>      <div class="vcontainer">
        <div class="main-content">
<div class="test-wrapper row view test-view">
  <div class="test-list">
    <div class="test-list-tools">
<ul class="tools pull-left">
<li><a href="#"><span class="font-size-14">Tests</span></a></li>
</ul>
<ul class="tools text-right">
<li class="dropdown">
<a href="#" class="dropdown-toggle" data-toggle="dropdown"><i class="fa fa-exclamation-circle"></i></a>
<ul id="status-toggle" class="dropdown-menu dropdown-md p-v-0">
<a class="dropdown-item" status="pass" href="#"><span>Pass</span><span class="status success"></span></a>
<a class="dropdown-item" status="fail" href="#"><span>Fail</span><span class="status danger"></span></a>
<div class="dropdown-divider"></div>
<a status="clear" class="dropdown-item" href="#"><span>Clear</span><span class="pull-right"><i class="fa fa-close"></i></span></a>
</ul>
</li>
</ul>
</div>    <div class="test-list-wrapper scrollable">
      <ul class="test-list-item">
        <li class="test-item"  status="fail" test-id="1"
          author=""
          tag=""
          device="">
          <div class="test-detail">
            <p class="name">Course Search and Details Extraction</p>
            <p class="text-sm">
              <span>08:39:16 am</span> / <span>30:39:041</span>
              <span class="badge fail-bg log float-right">Fail</span>
            </p>
          </div>
          <div class="test-contents d-none">
<div class="detail-head">
<div class="p-v-10">
<div class="info">
<h5 class="test-status text-fail">Course Search and Details Extraction</h5>
<span class='badge badge-success'>07.10.2025 08:39:16</span>
<span class='badge badge-danger'>07.10.2025 08:39:55</span>
<span class='badge badge-default'>30:39:041</span>
&middot; <span class='uri-anchor badge badge-default'>#test-id=1</span>
</div>
<div class="m-t-10 m-l-5"></div>
</div>
</div>
<div class="accordion mt-4">
  <div class="card">
    <div class="card-header" role="tab">
      <div class="card-title">
        <div class="node" id="2"><span class="badge log fail-bg mr-2">Fail</span>Search and extract details of multiple courses</div>
          <div class="status-avatar float-right mr-4">
            <i class="fa fa-paperclip"></i>
          </div>
      </div>
    </div>
        <div class="">
          <div class="card-body">
              <div class="step pass-bg" title="stepsDefination.CommonSteps.the_user_is_on_the_homepage()">
                <span>Given the user is on the homepage</span>
      <div>
      </div>
              </div>
              <div class="step pass-bg" title="stepsDefination.TestCase001.the_user_searches_for(java.lang.String)">
                <span>When the user searches for "Web Development"</span>
      <div>
      </div>
              </div>
              <div class="step pass-bg" title="stepsDefination.TestCase001.filters_the_results_by_language(java.lang.String)">
                <span>And filters the results by language "English"</span>
      <div>
      </div>
              </div>
              <div class="step pass-bg" title="stepsDefination.TestCase001.filters_the_results_by_level(java.lang.String)">
                <span>And filters the results by level "Beginner"</span>
      <div>
      </div>
              </div>
              <div class="step fail-bg" title="stepsDefination.TestCase001.selects_the_first_n_courses_from_the_results(int)">
                <span>And selects the first 5 courses from the results</span>
      <div>
        <textarea disabled class="code-block">org.openqa.selenium.NoSuchElementException: no such element: Unable to locate element: {"method":"xpath","selector":".//*[@class='css-6ecy9b']"}
  (Session info: chrome=137.0.7151.69)
For documentation on this error, please visit: https://www.selenium.dev/documentation/webdriver/troubleshooting/errors#no-such-element-exception
Build info: version: '4.34.0', revision: '707dcb4246*'
System info: os.name: 'Windows 11', os.arch: 'amd64', os.version: '10.0', java.version: '21.0.5'
Driver info: org.openqa.selenium.chrome.ChromeDriver
Command: [9007a7d99292469dde1331134d0b3711, findChildElement {id=f.76358C1CDF5C3831EEBF05E1EAFE86B6.d.D139F7E6F0920E8EFBEE0DF9B38156BB.e.251, value=.//*[@class='css-6ecy9b'], using=xpath}]
Capabilities {acceptInsecureCerts: false, browserName: chrome, browserVersion: 137.0.7151.69, chrome: {chromedriverVersion: 137.0.7151.119 (e0ac9d12dff..., userDataDir: C:\Users\2403720\AppData\Lo...}, fedcm:accounts: true, goog:chromeOptions: {debuggerAddress: localhost:64913}, networkConnectionEnabled: false, pageLoadStrategy: normal, platformName: windows, proxy: Proxy(), se:cdp: ws://localhost:64913/devtoo..., se:cdpVersion: 137.0.7151.69, setWindowRect: true, strictFileInteractability: false, timeouts: {implicit: 0, pageLoad: 300000, script: 30000}, unhandledPromptBehavior: dismiss and notify, webauthn:extension:credBlob: true, webauthn:extension:largeBlob: true, webauthn:extension:minPinLength: true, webauthn:extension:prf: true, webauthn:virtualAuthenticators: true}
Session ID: 9007a7d99292469dde1331134d0b3711
	at java.base/jdk.internal.reflect.DirectConstructorHandleAccessor.newInstance(DirectConstructorHandleAccessor.java:62)
	at java.base/java.lang.reflect.Constructor.newInstanceWithCaller(Constructor.java:502)
	at java.base/java.lang.reflect.Constructor.newInstance(Constructor.java:486)
	at org.openqa.selenium.remote.ErrorCodec.decode(ErrorCodec.java:167)
	at org.openqa.selenium.remote.codec.w3c.W3CHttpResponseCodec.decode(W3CHttpResponseCodec.java:138)
	at org.openqa.selenium.remote.codec.w3c.W3CHttpResponseCodec.decode(W3CHttpResponseCodec.java:50)
	at org.openqa.selenium.remote.HttpCommandExecutor.execute(HttpCommandExecutor.java:215)
	at org.openqa.selenium.remote.service.DriverCommandExecutor.invokeExecute(DriverCommandExecutor.java:216)
	at org.openqa.selenium.remote.service.DriverCommandExecutor.execute(DriverCommandExecutor.java:174)
	at org.openqa.selenium.remote.RemoteWebDriver.execute(RemoteWebDriver.java:544)
	at org.openqa.selenium.remote.ElementLocation$ElementFinder$2.findElement(ElementLocation.java:165)
	at org.openqa.selenium.remote.ElementLocation.findElement(ElementLocation.java:59)
	at org.openqa.selenium.remote.RemoteWebDriver.findElement(RemoteWebDriver.java:367)
	at org.openqa.selenium.remote.RemoteWebElement.findElement(RemoteWebElement.java:211)
	at pageObjects.CoursePage.getRating(CoursePage.java:96)
	at stepsDefination.TestCase001.selects_the_first_n_courses_from_the_results(TestCase001.java:55)
	at ✽.selects the first 5 courses from the results(file:///C:/Users/2403720/eclipse-workspace/CourseraAutomation/features/testCase001.feature:8)
</textarea>
      
      </div>
              </div>
              <div class="step pass-bg" title="AFTER_STEP">
                <span>hooks.Hooks.addScreenshot(io.cucumber.java.Scenario)</span>
      <div>Failure Screenshot
          <div class="row mb-3"><div class="col-md-3">
    <img data-featherlight='../Screenshots/embedded1.png' src="../Screenshots/embedded1.png">
    
    </div></div>
</div>
      <div>
      </div>
              </div>
              <div class="step skip-bg" title="stepsDefination.TestCase001.the_course_titles_ratings_and_durations_should_be_displayed()">
                <span>Then the course titles, ratings, and durations should be displayed</span>
      <div>Step skipped
      </div>
              </div>
          </div>
        </div>
  </div>
</div>
          </div>
        </li>
        <li class="test-item"  status="pass" test-id="17"
          author=""
          tag=""
          device="">
          <div class="test-detail">
            <p class="name">Display available languages for a searched course</p>
            <p class="text-sm">
              <span>08:39:56 am</span> / <span>30:22:549</span>
              <span class="badge pass-bg log float-right">Pass</span>
            </p>
          </div>
          <div class="test-contents d-none">
<div class="detail-head">
<div class="p-v-10">
<div class="info">
<h5 class="test-status text-pass">Display available languages for a searched course</h5>
<span class='badge badge-success'>07.10.2025 08:39:56</span>
<span class='badge badge-danger'>07.10.2025 08:40:18</span>
<span class='badge badge-default'>30:22:549</span>
&middot; <span class='uri-anchor badge badge-default'>#test-id=17</span>
</div>
<div class="m-t-10 m-l-5"></div>
</div>
</div>
<div class="accordion mt-4">
  <div class="card">
    <div class="card-header" role="tab">
      <div class="card-title">
        <div class="node" id="18"><span class="badge log pass-bg mr-2">Pass</span>List all available languages for Web Development courses</div>
      </div>
    </div>
        <div class="collapse">
          <div class="card-body">
              <div class="step pass-bg" title="stepsDefination.CommonSteps.the_user_is_on_the_homepage()">
                <span>Given the user is on the homepage</span>
      <div>
      </div>
              </div>
              <div class="step pass-bg" title="stepsDefination.TestCase001.the_user_searches_for(java.lang.String)">
                <span>When the user searches for "Web Development"</span>
      <div>
      </div>
              </div>
              <div class="step pass-bg" title="stepsDefination.TestCase001.filters_the_results_by_language(java.lang.String)">
                <span>And filters the results by language "English"</span>
      <div>
      </div>
              </div>
              <div class="step pass-bg" title="stepsDefination.TestCase002.the_list_of_available_languages_should_be_displayed()">
                <span>Then the list of available languages should be displayed</span>
      <div>
      </div>
              </div>
          </div>
        </div>
  </div>
</div>
          </div>
        </li>
        <li class="test-item"  status="fail" test-id="29"
          author=""
          tag=""
          device="">
          <div class="test-detail">
            <p class="name">Government form validation</p>
            <p class="text-sm">
              <span>08:40:18 am</span> / <span>30:05:278</span>
              <span class="badge fail-bg log float-right">Fail</span>
            </p>
          </div>
          <div class="test-contents d-none">
<div class="detail-head">
<div class="p-v-10">
<div class="info">
<h5 class="test-status text-fail">Government form validation</h5>
<span class='badge badge-success'>07.10.2025 08:40:18</span>
<span class='badge badge-danger'>07.10.2025 08:40:23</span>
<span class='badge badge-default'>30:05:278</span>
&middot; <span class='uri-anchor badge badge-default'>#test-id=29</span>
</div>
<div class="m-t-10 m-l-5"></div>
</div>
</div>
<div class="accordion mt-4">
  <div class="card">
    <div class="card-header" role="tab">
      <div class="card-title">
        <div class="node" id="30"><span class="badge log fail-bg mr-2">Fail</span>Submit invalid email and phone number and verify error messages</div>
      </div>
    </div>
        <div class="">
          <div class="card-body">
              <div class="step fail-bg" title="BEFORE">
                <span>hooks.Hooks.setup()</span>
      <div>
        <textarea disabled class="code-block">org.openqa.selenium.NoSuchWindowException: no such window: target window already closed
from unknown error: web view not found
  (Session info: chrome=137.0.7151.69)
Build info: version: '4.34.0', revision: '707dcb4246*'
System info: os.name: 'Windows 11', os.arch: 'amd64', os.version: '10.0', java.version: '21.0.5'
Driver info: org.openqa.selenium.chrome.ChromeDriver
Command: [6c147580ff90596511d71a6bfa436765, maximizeCurrentWindow {}]
Capabilities {acceptInsecureCerts: false, browserName: chrome, browserVersion: 137.0.7151.69, chrome: {chromedriverVersion: 137.0.7151.119 (e0ac9d12dff..., userDataDir: C:\Users\2403720\AppData\Lo...}, fedcm:accounts: true, goog:chromeOptions: {debuggerAddress: localhost:65497}, networkConnectionEnabled: false, pageLoadStrategy: normal, platformName: windows, proxy: Proxy(), se:cdp: ws://localhost:65497/devtoo..., se:cdpVersion: 137.0.7151.69, setWindowRect: true, strictFileInteractability: false, timeouts: {implicit: 0, pageLoad: 300000, script: 30000}, unhandledPromptBehavior: dismiss and notify, webauthn:extension:credBlob: true, webauthn:extension:largeBlob: true, webauthn:extension:minPinLength: true, webauthn:extension:prf: true, webauthn:virtualAuthenticators: true}
Session ID: 6c147580ff90596511d71a6bfa436765
	at java.base/jdk.internal.reflect.DirectConstructorHandleAccessor.newInstance(DirectConstructorHandleAccessor.java:62)
	at java.base/java.lang.reflect.Constructor.newInstanceWithCaller(Constructor.java:502)
	at java.base/java.lang.reflect.Constructor.newInstance(Constructor.java:486)
	at org.openqa.selenium.remote.ErrorCodec.decode(ErrorCodec.java:167)
	at org.openqa.selenium.remote.codec.w3c.W3CHttpResponseCodec.decode(W3CHttpResponseCodec.java:138)
	at org.openqa.selenium.remote.codec.w3c.W3CHttpResponseCodec.decode(W3CHttpResponseCodec.java:50)
	at org.openqa.selenium.remote.HttpCommandExecutor.execute(HttpCommandExecutor.java:215)
	at org.openqa.selenium.remote.service.DriverCommandExecutor.invokeExecute(DriverCommandExecutor.java:216)
	at org.openqa.selenium.remote.service.DriverCommandExecutor.execute(DriverCommandExecutor.java:174)
	at org.openqa.selenium.remote.RemoteWebDriver.execute(RemoteWebDriver.java:544)
	at org.openqa.selenium.remote.RemoteWebDriver.execute(RemoteWebDriver.java:617)
	at org.openqa.selenium.remote.RemoteWebDriver.execute(RemoteWebDriver.java:621)
	at org.openqa.selenium.remote.RemoteWebDriver$RemoteWebDriverOptions$RemoteWindow.maximize(RemoteWebDriver.java:1047)
	at hooks.Hooks.setup(Hooks.java:27)
</textarea>
      
      </div>
              </div>
              <div class="step skip-bg" title="stepsDefination.CommonSteps.the_user_is_on_the_homepage()">
                <span>Given the user is on the homepage</span>
      <div>Step skipped
      </div>
              </div>
              <div class="step skip-bg" title="stepsDefination.TestCase006.the_user_navigates_to_the_for_business_section()">
                <span>Then the user navigates to the For Business section</span>
      <div>Step skipped
      </div>
              </div>
              <div class="step skip-bg" title="stepsDefination.TestCase003.the_user_fills_out_the_government_request_form_with_invalid_email_and_phone_number()">
                <span>When the user fills out the government request form with invalid email and phone number</span>
      <div>Step skipped
      </div>
              </div>
              <div class="step skip-bg" title="stepsDefination.TestCase003.submits_the_request_for_information()">
                <span>And submits the request for information</span>
      <div>Step skipped
      </div>
              </div>
              <div class="step skip-bg" title="stepsDefination.TestCase003.the_application_should_display_appropriate_error_messages_for_email_and_phone_number()">
                <span>Then the application should display appropriate error messages for email and phone number</span>
      <div>Step skipped
      </div>
              </div>
          </div>
        </div>
  </div>
</div>
          </div>
        </li>
        <li class="test-item"  status="fail" test-id="43"
          author=""
          tag=""
          device="">
          <div class="test-detail">
            <p class="name">Extract and display partner information</p>
            <p class="text-sm">
              <span>08:40:23 am</span> / <span>30:06:683</span>
              <span class="badge fail-bg log float-right">Fail</span>
            </p>
          </div>
          <div class="test-contents d-none">
<div class="detail-head">
<div class="p-v-10">
<div class="info">
<h5 class="test-status text-fail">Extract and display partner information</h5>
<span class='badge badge-success'>07.10.2025 08:40:23</span>
<span class='badge badge-danger'>07.10.2025 08:40:30</span>
<span class='badge badge-default'>30:06:683</span>
&middot; <span class='uri-anchor badge badge-default'>#test-id=43</span>
</div>
<div class="m-t-10 m-l-5"></div>
</div>
</div>
<div class="accordion mt-4">
  <div class="card">
    <div class="card-header" role="tab">
      <div class="card-title">
        <div class="node" id="44"><span class="badge log fail-bg mr-2">Fail</span>Display all India partner links, logos, and names</div>
      </div>
    </div>
        <div class="">
          <div class="card-body">
              <div class="step fail-bg" title="BEFORE">
                <span>hooks.Hooks.setup()</span>
      <div>
        <textarea disabled class="code-block">org.openqa.selenium.NoSuchWindowException: no such window: target window already closed
from unknown error: web view not found
  (Session info: chrome=137.0.7151.69)
Build info: version: '4.34.0', revision: '707dcb4246*'
System info: os.name: 'Windows 11', os.arch: 'amd64', os.version: '10.0', java.version: '21.0.5'
Driver info: org.openqa.selenium.chrome.ChromeDriver
Command: [6f9aa9d244e358119280ef7540fbbaa9, maximizeCurrentWindow {}]
Capabilities {acceptInsecureCerts: false, browserName: chrome, browserVersion: 137.0.7151.69, chrome: {chromedriverVersion: 137.0.7151.119 (e0ac9d12dff..., userDataDir: C:\Users\2403720\AppData\Lo...}, fedcm:accounts: true, goog:chromeOptions: {debuggerAddress: localhost:49153}, networkConnectionEnabled: false, pageLoadStrategy: normal, platformName: windows, proxy: Proxy(), se:cdp: ws://localhost:49153/devtoo..., se:cdpVersion: 137.0.7151.69, setWindowRect: true, strictFileInteractability: false, timeouts: {implicit: 0, pageLoad: 300000, script: 30000}, unhandledPromptBehavior: dismiss and notify, webauthn:extension:credBlob: true, webauthn:extension:largeBlob: true, webauthn:extension:minPinLength: true, webauthn:extension:prf: true, webauthn:virtualAuthenticators: true}
Session ID: 6f9aa9d244e358119280ef7540fbbaa9
	at java.base/jdk.internal.reflect.DirectConstructorHandleAccessor.newInstance(DirectConstructorHandleAccessor.java:62)
	at java.base/java.lang.reflect.Constructor.newInstanceWithCaller(Constructor.java:502)
	at java.base/java.lang.reflect.Constructor.newInstance(Constructor.java:486)
	at org.openqa.selenium.remote.ErrorCodec.decode(ErrorCodec.java:167)
	at org.openqa.selenium.remote.codec.w3c.W3CHttpResponseCodec.decode(W3CHttpResponseCodec.java:138)
	at org.openqa.selenium.remote.codec.w3c.W3CHttpResponseCodec.decode(W3CHttpResponseCodec.java:50)
	at org.openqa.selenium.remote.HttpCommandExecutor.execute(HttpCommandExecutor.java:215)
	at org.openqa.selenium.remote.service.DriverCommandExecutor.invokeExecute(DriverCommandExecutor.java:216)
	at org.openqa.selenium.remote.service.DriverCommandExecutor.execute(DriverCommandExecutor.java:174)
	at org.openqa.selenium.remote.RemoteWebDriver.execute(RemoteWebDriver.java:544)
	at org.openqa.selenium.remote.RemoteWebDriver.execute(RemoteWebDriver.java:617)
	at org.openqa.selenium.remote.RemoteWebDriver.execute(RemoteWebDriver.java:621)
	at org.openqa.selenium.remote.RemoteWebDriver$RemoteWebDriverOptions$RemoteWindow.maximize(RemoteWebDriver.java:1047)
	at hooks.Hooks.setup(Hooks.java:27)
</textarea>
      
      </div>
              </div>
              <div class="step skip-bg" title="stepsDefination.CommonSteps.the_user_is_on_the_homepage()">
                <span>Given the user is on the homepage</span>
      <div>Step skipped
      </div>
              </div>
              <div class="step skip-bg" title="stepsDefination.TestCase004.the_user_navigates_to_the_partners_section()">
                <span>Then the user navigates to the Partners section</span>
      <div>Step skipped
      </div>
              </div>
              <div class="step skip-bg" title="stepsDefination.TestCase004.opens_the_india_partners_list()">
                <span>And opens the India Partners list</span>
      <div>Step skipped
      </div>
              </div>
              <div class="step skip-bg" title="stepsDefination.TestCase004.the_application_should_display_all_partner_links_logo_visibility_and_names()">
                <span>Then the application should display all partner links, logo visibility, and names</span>
      <div>Step skipped
      </div>
              </div>
          </div>
        </div>
  </div>
</div>
          </div>
        </li>
        <li class="test-item"  status="pass" test-id="55"
          author=""
          tag=""
          device="">
          <div class="test-detail">
            <p class="name">Extract and display online degree program information</p>
            <p class="text-sm">
              <span>08:40:30 am</span> / <span>30:26:768</span>
              <span class="badge pass-bg log float-right">Pass</span>
            </p>
          </div>
          <div class="test-contents d-none">
<div class="detail-head">
<div class="p-v-10">
<div class="info">
<h5 class="test-status text-pass">Extract and display online degree program information</h5>
<span class='badge badge-success'>07.10.2025 08:40:30</span>
<span class='badge badge-danger'>07.10.2025 08:40:57</span>
<span class='badge badge-default'>30:26:768</span>
&middot; <span class='uri-anchor badge badge-default'>#test-id=55</span>
</div>
<div class="m-t-10 m-l-5"></div>
</div>
</div>
<div class="accordion mt-4">
  <div class="card">
    <div class="card-header" role="tab">
      <div class="card-title">
        <div class="node" id="56"><span class="badge log pass-bg mr-2">Pass</span>Filter and display online degree programs by level and subject</div>
      </div>
    </div>
        <div class="collapse">
          <div class="card-body">
              <div class="step pass-bg" title="stepsDefination.CommonSteps.the_user_is_on_the_homepage()">
                <span>Given the user is on the homepage</span>
      <div>
      </div>
              </div>
              <div class="step pass-bg" title="stepsDefination.TestCase005.the_user_navigates_to_the_online_degrees_section()">
                <span>When the user navigates to the Online Degrees section</span>
      <div>
      </div>
              </div>
              <div class="step pass-bg" title="stepsDefination.TestCase005.selects_a_random_program_level_filter()">
                <span>And selects a random program level filter</span>
      <div>
      </div>
              </div>
              <div class="step pass-bg" title="stepsDefination.TestCase005.selects_a_random_subject_filter()">
                <span>And selects a random subject filter</span>
      <div>
      </div>
              </div>
              <div class="step pass-bg" title="stepsDefination.TestCase005.the_application_should_display_the_total_number_of_results_and_degree_card_details()">
                <span>Then the application should display the total number of results and degree card details</span>
      <div>
      </div>
              </div>
          </div>
        </div>
  </div>
</div>
          </div>
        </li>
        <li class="test-item"  status="pass" test-id="69"
          author=""
          tag=""
          device="">
          <div class="test-detail">
            <p class="name">For Business Plan Selection</p>
            <p class="text-sm">
              <span>08:40:57 am</span> / <span>31:05:342</span>
              <span class="badge pass-bg log float-right">Pass</span>
            </p>
          </div>
          <div class="test-contents d-none">
<div class="detail-head">
<div class="p-v-10">
<div class="info">
<h5 class="test-status text-pass">For Business Plan Selection</h5>
<span class='badge badge-success'>07.10.2025 08:40:57</span>
<span class='badge badge-danger'>07.10.2025 08:42:02</span>
<span class='badge badge-default'>31:05:342</span>
&middot; <span class='uri-anchor badge badge-default'>#test-id=69</span>
</div>
<div class="m-t-10 m-l-5"></div>
</div>
</div>
<div class="accordion mt-4">
  <div class="card">
    <div class="card-header" role="tab">
      <div class="card-title">
        <div class="node" id="70"><span class="badge log pass-bg mr-2">Pass</span>Select a business plan and display purchase summary</div>
      </div>
    </div>
        <div class="collapse">
          <div class="card-body">
              <div class="step pass-bg" title="stepsDefination.CommonSteps.the_user_is_on_the_homepage()">
                <span>Given the user is on the homepage</span>
      <div>
      </div>
              </div>
              <div class="step pass-bg" title="stepsDefination.TestCase006.the_user_navigates_to_the_for_business_section()">
                <span>Then the user navigates to the For Business section</span>
      <div>
      </div>
              </div>
              <div class="step pass-bg" title="stepsDefination.TestCase006.the_user_selects_the_plan(java.lang.String)">
                <span>When the user selects the "For Teams" plan</span>
      <div>
      </div>
              </div>
              <div class="step pass-bg" title="stepsDefination.TestCase006.enters_a_random_number_of_users_between_and(java.lang.Integer,java.lang.Integer)">
                <span>And enters a random number of users between 6 and 300</span>
      <div>
      </div>
              </div>
              <div class="step pass-bg" title="stepsDefination.TestCase006.selects_the_quarterly_payment_option()">
                <span>And selects the quarterly payment option</span>
      <div>
      </div>
              </div>
              <div class="step pass-bg" title="stepsDefination.TestCase006.the_application_should_display_the_purchase_summary()">
                <span>Then the application should display the purchase summary</span>
      <div>
      </div>
              </div>
          </div>
        </div>
  </div>
</div>
          </div>
        </li>
        <li class="test-item"  status="pass" test-id="85"
          author=""
          tag=""
          device="">
          <div class="test-detail">
            <p class="name">View Course Content</p>
            <p class="text-sm">
              <span>08:42:02 am</span> / <span>30:43:936</span>
              <span class="badge pass-bg log float-right">Pass</span>
            </p>
          </div>
          <div class="test-contents d-none">
<div class="detail-head">
<div class="p-v-10">
<div class="info">
<h5 class="test-status text-pass">View Course Content</h5>
<span class='badge badge-success'>07.10.2025 08:42:02</span>
<span class='badge badge-danger'>07.10.2025 08:42:46</span>
<span class='badge badge-default'>30:43:936</span>
&middot; <span class='uri-anchor badge badge-default'>#test-id=85</span>
</div>
<div class="m-t-10 m-l-5"></div>
</div>
</div>
<div class="accordion mt-4">
  <div class="card">
    <div class="card-header" role="tab">
      <div class="card-title">
        <div class="node" id="86"><span class="badge log pass-bg mr-2">Pass</span>User searches for a course and views its content</div>
      </div>
    </div>
        <div class="collapse">
          <div class="card-body">
              <div class="step pass-bg" title="stepsDefination.CommonSteps.the_user_is_on_the_homepage()">
                <span>Given the user is on the homepage</span>
      <div>
      </div>
              </div>
              <div class="step pass-bg" title="stepsDefination.TestCase001.the_user_searches_for(java.lang.String)">
                <span>When the user searches for "Web Development"</span>
      <div>
      </div>
              </div>
              <div class="step pass-bg" title="stepsDefination.TestCase007.selects_the_first_course_from_the_results()">
                <span>And selects the first course from the results</span>
      <div>
      </div>
              </div>
              <div class="step pass-bg" title="stepsDefination.TestCase007.the_course_page_should_display_the_course_title()">
                <span>Then the course page should display the course title</span>
      <div>
      </div>
              </div>
              <div class="step pass-bg" title="stepsDefination.TestCase007.the_total_number_of_modules()">
                <span>And the total number of modules</span>
      <div>
      </div>
              </div>
              <div class="step pass-bg" title="stepsDefination.TestCase007.the_course_rating()">
                <span>And the course rating</span>
      <div>
      </div>
              </div>
              <div class="step pass-bg" title="stepsDefination.TestCase007.the_total_number_of_reviews()">
                <span>And the total number of reviews</span>
      <div>
      </div>
              </div>
              <div class="step pass-bg" title="stepsDefination.TestCase007.the_user_clicks_on(java.lang.String)">
                <span>And the user clicks on "View all skills"</span>
      <div>
      </div>
              </div>
              <div class="step pass-bg" title="stepsDefination.TestCase007.the_skills_and_learning_outcomes_should_be_displayed()">
                <span>Then the skills and learning outcomes should be displayed</span>
      <div>
      </div>
              </div>
          </div>
        </div>
  </div>
</div>
          </div>
        </li>
        <li class="test-item"  status="fail" test-id="107"
          author=""
          tag=""
          device="">
          <div class="test-detail">
            <p class="name">Government Contact Form Submission</p>
            <p class="text-sm">
              <span>08:42:46 am</span> / <span>31:06:704</span>
              <span class="badge fail-bg log float-right">Fail</span>
            </p>
          </div>
          <div class="test-contents d-none">
<div class="detail-head">
<div class="p-v-10">
<div class="info">
<h5 class="test-status text-fail">Government Contact Form Submission</h5>
<span class='badge badge-success'>07.10.2025 08:42:46</span>
<span class='badge badge-danger'>07.10.2025 08:43:53</span>
<span class='badge badge-default'>31:06:704</span>
&middot; <span class='uri-anchor badge badge-default'>#test-id=107</span>
</div>
<div class="m-t-10 m-l-5"></div>
</div>
</div>
<div class="accordion mt-4">
  <div class="card">
    <div class="card-header" role="tab">
      <div class="card-title">
        <div class="node" id="108"><span class="badge log fail-bg mr-2">Fail</span>Submit a valid government contact form and verify confirmation</div>
          <div class="status-avatar float-right mr-4">
            <i class="fa fa-paperclip"></i>
          </div>
      </div>
    </div>
        <div class="">
          <div class="card-body">
              <div class="step pass-bg" title="stepsDefination.CommonSteps.the_user_is_on_the_homepage()">
                <span>Given the user is on the homepage</span>
      <div>
      </div>
              </div>
              <div class="step pass-bg" title="stepsDefination.TestCase008.the_user_navigates_to_the_for_government_section()">
                <span>Then the user navigates to the For Government section</span>
      <div>
      </div>
              </div>
              <div class="step pass-bg" title="stepsDefination.TestCase008.the_user_clicks_the_contact_sales_button()">
                <span>When the user clicks the Contact Sales button</span>
      <div>
      </div>
              </div>
              <div class="step pass-bg" title="stepsDefination.TestCase008.fills_out_the_government_form_with_valid_details()">
                <span>And fills out the government form with valid details</span>
      <div>
      </div>
              </div>
              <div class="step pass-bg" title="stepsDefination.TestCase008.submits_the_government_request_form()">
                <span>And submits the government request form</span>
      <div>
      </div>
              </div>
              <div class="step fail-bg" title="stepsDefination.TestCase008.the_application_should_display_a_confirmation_message()">
                <span>Then the application should display a confirmation message</span>
      <div>
        <textarea disabled class="code-block">org.openqa.selenium.NoSuchElementException: no such element: Unable to locate element: {"method":"xpath","selector":"//div[@data-track-component='EntWebsiteHow_thanks_for_your_interest_in_coursera_for_government']/div[2]/div[1]/div[1]/div[1]"}
  (Session info: chrome=137.0.7151.69)
For documentation on this error, please visit: https://www.selenium.dev/documentation/webdriver/troubleshooting/errors#no-such-element-exception
Build info: version: '4.34.0', revision: '707dcb4246*'
System info: os.name: 'Windows 11', os.arch: 'amd64', os.version: '10.0', java.version: '21.0.5'
Driver info: org.openqa.selenium.chrome.ChromeDriver
Command: [906d9293b452f39a62b28ba1bc3f5437, findElement {using=xpath, value=//div[@data-track-component='EntWebsiteHow_thanks_for_your_interest_in_coursera_for_government']/div[2]/div[1]/div[1]/div[1]}]
Capabilities {acceptInsecureCerts: false, browserName: chrome, browserVersion: 137.0.7151.69, chrome: {chromedriverVersion: 137.0.7151.119 (e0ac9d12dff..., userDataDir: C:\Users\2403720\AppData\Lo...}, fedcm:accounts: true, goog:chromeOptions: {debuggerAddress: localhost:50910}, networkConnectionEnabled: false, pageLoadStrategy: normal, platformName: windows, proxy: Proxy(), se:cdp: ws://localhost:50910/devtoo..., se:cdpVersion: 137.0.7151.69, setWindowRect: true, strictFileInteractability: false, timeouts: {implicit: 0, pageLoad: 300000, script: 30000}, unhandledPromptBehavior: dismiss and notify, webauthn:extension:credBlob: true, webauthn:extension:largeBlob: true, webauthn:extension:minPinLength: true, webauthn:extension:prf: true, webauthn:virtualAuthenticators: true}
Session ID: 906d9293b452f39a62b28ba1bc3f5437
	at java.base/jdk.internal.reflect.DirectConstructorHandleAccessor.newInstance(DirectConstructorHandleAccessor.java:62)
	at java.base/java.lang.reflect.Constructor.newInstanceWithCaller(Constructor.java:502)
	at java.base/java.lang.reflect.Constructor.newInstance(Constructor.java:486)
	at org.openqa.selenium.remote.ErrorCodec.decode(ErrorCodec.java:167)
	at org.openqa.selenium.remote.codec.w3c.W3CHttpResponseCodec.decode(W3CHttpResponseCodec.java:138)
	at org.openqa.selenium.remote.codec.w3c.W3CHttpResponseCodec.decode(W3CHttpResponseCodec.java:50)
	at org.openqa.selenium.remote.HttpCommandExecutor.execute(HttpCommandExecutor.java:215)
	at org.openqa.selenium.remote.service.DriverCommandExecutor.invokeExecute(DriverCommandExecutor.java:216)
	at org.openqa.selenium.remote.service.DriverCommandExecutor.execute(DriverCommandExecutor.java:174)
	at org.openqa.selenium.remote.RemoteWebDriver.execute(RemoteWebDriver.java:544)
	at org.openqa.selenium.remote.ElementLocation$ElementFinder$2.findElement(ElementLocation.java:165)
	at org.openqa.selenium.remote.ElementLocation.findElement(ElementLocation.java:59)
	at org.openqa.selenium.remote.RemoteWebDriver.findElement(RemoteWebDriver.java:367)
	at org.openqa.selenium.remote.RemoteWebDriver.findElement(RemoteWebDriver.java:361)
	at org.openqa.selenium.support.pagefactory.DefaultElementLocator.findElement(DefaultElementLocator.java:68)
	at org.openqa.selenium.support.pagefactory.internal.LocatingElementHandler.invoke(LocatingElementHandler.java:38)
	at jdk.proxy2/jdk.proxy2.$Proxy26.getText(Unknown Source)
	at pageObjects.ForGovernment.getConfirmationMessage(ForGovernment.java:104)
	at stepsDefination.TestCase008.the_application_should_display_a_confirmation_message(TestCase008.java:47)
	at ✽.the application should display a confirmation message(file:///C:/Users/2403720/eclipse-workspace/CourseraAutomation/features/testCase008.feature:9)
</textarea>
      
      </div>
              </div>
              <div class="step pass-bg" title="AFTER_STEP">
                <span>hooks.Hooks.addScreenshot(io.cucumber.java.Scenario)</span>
      <div>Failure Screenshot
          <div class="row mb-3"><div class="col-md-3">
    <img data-featherlight='../Screenshots/embedded2.png' src="../Screenshots/embedded2.png">
    
    </div></div>
</div>
      <div>
      </div>
              </div>
          </div>
        </div>
  </div>
</div>
          </div>
        </li>
        <li class="test-item"  status="pass" test-id="123"
          author=""
          tag=""
          device="">
          <div class="test-detail">
            <p class="name">Footer Section Validation</p>
            <p class="text-sm">
              <span>08:43:53 am</span> / <span>30:09:004</span>
              <span class="badge pass-bg log float-right">Pass</span>
            </p>
          </div>
          <div class="test-contents d-none">
<div class="detail-head">
<div class="p-v-10">
<div class="info">
<h5 class="test-status text-pass">Footer Section Validation</h5>
<span class='badge badge-success'>07.10.2025 08:43:53</span>
<span class='badge badge-danger'>07.10.2025 08:44:02</span>
<span class='badge badge-default'>30:09:004</span>
&middot; <span class='uri-anchor badge badge-default'>#test-id=123</span>
</div>
<div class="m-t-10 m-l-5"></div>
</div>
</div>
<div class="accordion mt-4">
  <div class="card">
    <div class="card-header" role="tab">
      <div class="card-title">
        <div class="node" id="124"><span class="badge log pass-bg mr-2">Pass</span>Extract and print all footer titles and their links</div>
      </div>
    </div>
        <div class="collapse">
          <div class="card-body">
              <div class="step pass-bg" title="stepsDefination.CommonSteps.the_user_is_on_the_homepage()">
                <span>Given the user is on the homepage</span>
      <div>
      </div>
              </div>
              <div class="step pass-bg" title="stepsDefination.TestCase009.the_user_retrieves_all_footer_sections()">
                <span>When the user retrieves all footer sections</span>
      <div>
      </div>
              </div>
              <div class="step pass-bg" title="stepsDefination.TestCase009.the_footer_titles_and_their_links_should_be_printed_in_the_console()">
                <span>Then the footer titles and their links should be printed in the console</span>
      <div>
      </div>
              </div>
          </div>
        </div>
  </div>
</div>
          </div>
        </li>
        <li class="test-item"  status="pass" test-id="133"
          author=""
          tag=""
          device="">
          <div class="test-detail">
            <p class="name">App Store and Play Store screenshots</p>
            <p class="text-sm">
              <span>08:44:02 am</span> / <span>30:40:164</span>
              <span class="badge pass-bg log float-right">Pass</span>
            </p>
          </div>
          <div class="test-contents d-none">
<div class="detail-head">
<div class="p-v-10">
<div class="info">
<h5 class="test-status text-pass">App Store and Play Store screenshots</h5>
<span class='badge badge-success'>07.10.2025 08:44:02</span>
<span class='badge badge-danger'>07.10.2025 08:44:42</span>
<span class='badge badge-default'>30:40:164</span>
&middot; <span class='uri-anchor badge badge-default'>#test-id=133</span>
</div>
<div class="m-t-10 m-l-5"></div>
</div>
</div>
<div class="accordion mt-4">
  <div class="card">
    <div class="card-header" role="tab">
      <div class="card-title">
        <div class="node" id="134"><span class="badge log pass-bg mr-2">Pass</span>Take screenshots of App Store and Play Store pages</div>
      </div>
    </div>
        <div class="collapse">
          <div class="card-body">
              <div class="step pass-bg" title="stepsDefination.CommonSteps.the_user_is_on_the_homepage()">
                <span>Given the user is on the homepage</span>
      <div>
      </div>
              </div>
              <div class="step pass-bg" title="stepsDefination.TestCase010.the_user_clicks_the_app_store_link()">
                <span>Then the user clicks the App Store link</span>
      <div>
      </div>
              </div>
              <div class="step pass-bg" title="stepsDefination.TestCase010.a_screenshot_of_the_app_store_page_is_taken()">
                <span>Then a screenshot of the App Store page is taken</span>
      <div>
      </div>
              </div>
              <div class="step pass-bg" title="stepsDefination.TestCase010.the_user_navigates_back()">
                <span>When the user navigates back</span>
      <div>
      </div>
              </div>
              <div class="step pass-bg" title="stepsDefination.TestCase010.the_user_clicks_the_play_store_link()">
                <span>And the user clicks the Play Store link</span>
      <div>
      </div>
              </div>
              <div class="step pass-bg" title="stepsDefination.TestCase010.a_screenshot_of_the_play_store_page_is_taken()">
                <span>Then a screenshot of the Play Store page is taken</span>
      <div>
      </div>
              </div>
              <div class="step pass-bg" title="stepsDefination.TestCase010.the_user_navigates_back_to_the_homepage()">
                <span>And the user navigates back to the homepage</span>
      <div>
      </div>
              </div>
          </div>
        </div>
  </div>
</div>
          </div>
        </li>
      </ul>
    </div>
  </div>
<div class="test-content scrollable">
<div class="test-content-tools">
<ul><li><a class="back-to-test" href="#"><i class="fa fa-arrow-left"></i></a></li></ul>
</div>
<div class="test-content-detail"><div class="detail-body"></div></div>
</div></div>
<div class="test-wrapper row view exception-view attributes-view">
<div class="test-list">
<div class="test-list-tools">
<ul class="tools pull-left"><li><a href=""><span class="font-size-14">Exception</span></a></li></ul>
<ul class="tools text-right"><li><a href="#"><span class="badge badge-primary">2</span></a></li></ul>
</div>
<div class="test-list-wrapper scrollable">
<ul class="test-list-item">
<li class="test-item">
<div class="test-detail">
<span class="meta">
<span class='badge log badge-danger'>1</span>
</span>
<p class="name">org.openqa.selenium.NoSuchWindowException</p>
<p class="duration text-sm">1 tests</p>
</div>
<div class="test-contents d-none">
<div class="info">
<h4>org.openqa.selenium.NoSuchWindowException</h4>
<span status="fail" class='badge log badge-danger'>1 failed</span>
</div>
<table class='table table-sm mt-4'>
<thead>
<tr>
<th class="status-col">Status</th>
<th class="timestamp-col">Timestamp</th>
<th>TestName</th>
</tr>
</thead>
<tbody>
<tr class="tag-test-status" status="fail">
<td><span class="badge log fail-bg">Fail</span></td>
<td>08:40:18 am</td>
<td>
<a href="#" class="linked" test-id='29' id='31'>hooks.Hooks.setup()</a>
<div class="">
<span class="badge badge-default">Government form validation.Submit invalid email and phone number and verify error messages.hooks.Hooks.setup()</span>
</div>
</td>
</tr>
<tr class="tag-test-status" status="fail">
<td><span class="badge log fail-bg">Fail</span></td>
<td>08:40:23 am</td>
<td>
<a href="#" class="linked" test-id='43' id='45'>hooks.Hooks.setup()</a>
<div class="">
<span class="badge badge-default">Extract and display partner information.Display all India partner links, logos, and names.hooks.Hooks.setup()</span>
</div>
</td>
</tr>
</tbody>
</table>
</div>
</li>
<li class="test-item">
<div class="test-detail">
<span class="meta">
<span class='badge log badge-danger'>1</span>
</span>
<p class="name">org.openqa.selenium.NoSuchElementException</p>
<p class="duration text-sm">1 tests</p>
</div>
<div class="test-contents d-none">
<div class="info">
<h4>org.openqa.selenium.NoSuchElementException</h4>
<span status="fail" class='badge log badge-danger'>1 failed</span>
</div>
<table class='table table-sm mt-4'>
<thead>
<tr>
<th class="status-col">Status</th>
<th class="timestamp-col">Timestamp</th>
<th>TestName</th>
</tr>
</thead>
<tbody>
<tr class="tag-test-status" status="fail">
<td><span class="badge log fail-bg">Fail</span></td>
<td>08:39:43 am</td>
<td>
<a href="#" class="linked" test-id='1' id='12'>And selects the first 5 courses from the results</a>
<div class="">
<span class="badge badge-default">Course Search and Details Extraction.Search and extract details of multiple courses.And selects the first 5 courses from the results</span>
</div>
</td>
</tr>
<tr class="tag-test-status" status="fail">
<td><span class="badge log fail-bg">Fail</span></td>
<td>08:43:42 am</td>
<td>
<a href="#" class="linked" test-id='107' id='120'>Then the application should display a confirmation message</a>
<div class="">
<span class="badge badge-default">Government Contact Form Submission.Submit a valid government contact form and verify confirmation.Then the application should display a confirmation message</span>
</div>
</td>
</tr>
</tbody>
</table>
</div>
</li>
</ul>
</div>
</div>
<div class="test-content scrollable">
<div class="test-content-detail">
<div class="detail-body"></div>
</div>
</div>
</div><div class="container-fluid p-4 view dashboard-view">
<div class="row">
<div class="col-md-3">
<div class="card"><div class="card-body">
<p class="m-b-0">Started</p>
<h3>Jul 10, 2025 08:39:15 am</h3>
</div></div>
</div>
<div class="col-md-3">
<div class="card"><div class="card-body">
<p class="m-b-0">Ended</p>
<h3>Jul 10, 2025 08:44:42 am</h3>
</div></div>
</div>
<div class="col-md-3">
<div class="card"><div class="card-body">
<p class="m-b-0 text-pass">Features Passed</p>
<h3>6</h3>
</div></div>
</div>
<div class="col-md-3">
<div class="card"><div class="card-body">
<p class="m-b-0 text-fail">Features Failed</p>
<h3>4</h3>
</div></div>
</div>
</div>
<div class="row">
<div class="col-md-4">
<div class="card">
<div class="card-header">
<h6 class="card-title">Features</h6>
</div>
<div class="card-body">
<div class="">
<canvas id='parent-analysis' width='115' height='90'></canvas>
</div>
</div>
<div class="card-footer">
<div><small data-tooltip='60%'>
<b>6</b> features passed
</small>
</div>
<div>
<small data-tooltip='40%'><b>4</b> features failed,
<b>0</b> skipped, <b data-tooltip='0%'>0</b> others
</small>
</div>
</div>
</div>
</div>
<div class="col-md-4">
<div class="card">
<div class="card-header">
<h6 class="card-title">Scenarios</h6>
</div>
<div class="card-body">
<div class="">
<canvas id='child-analysis' width='115' height='90'></canvas>
</div>
</div>
<div class="card-footer">
<div><small data-tooltip='60%'><b>6</b> scenarios passed</small></div>
<div>
<small data-tooltip='40%'><b>4</b> scenarios failed,
<b>0</b> skipped, <b data-tooltip='%'>0</b> others
</small>
</div>
</div>
</div>
</div>
<div class="col-md-4">
<div class="card">
<div class="card-header">
<h6 class="card-title">Steps</h6>
</div>
<div class="card-body">
<div class="">
<canvas id='grandchild-analysis' width='115' height='90'></canvas>
</div>
</div>
<div class="card-footer">
<div><small data-tooltip='76%'><b>45</b> steps passed</small></div>
<div>
<small data-tooltip='6%'><b>4</b> steps failed,
<b>10</b> skipped, <b data-tooltip='%'>0</b> others
</small>
</div>
</div>
</div>
</div>
</div>
<div class="row"><div class="col-md-12">
<div class="card"><div class="card-header"><p>Timeline</p></div>
<div class="card-body pt-0"><div>
<canvas id="timeline" height="120"></canvas>
</div></div>
</div>
</div></div>
<script>
var timeline = {
"Course Search and Details Extraction":39.041,"Display available languages for a searched course":22.549,"Government form validation":5.278,"Extract and display partner information":6.683,"Extract and display online degree program information":26.768,"For Business Plan Selection":65.342,"View Course Content":43.936,"Government Contact Form Submission":66.704,"Footer Section Validation":9.004,"App Store and Play Store screenshots":40.164
};
</script>
<div class="row">
</div>
</div>
<script>
var statusGroup = {
parentCount: 5,
passParent: 6,
failParent: 4,
warningParent: 0,
skipParent: 0,
childCount: 5,
passChild: 6,
failChild: 4,
warningChild: 0,
skipChild: 0,
infoChild: 0,
grandChildCount: 5,
passGrandChild: 45,
failGrandChild: 4,
warningGrandChild: 0,
skipGrandChild: 10,
infoGrandChild: 0,
eventsCount: 5,
};
</script>        </div>
      </div>
    </div>
  </div>
<script src="https://cdn.jsdelivr.net/gh/extent-framework/extent-github-cdn@14e9bb345ef7e2ed3a102f271d84e9f0267c88e7/spark/js/spark-script.js"></script>
<script type="text/javascript"></script></body>
</html>