<?xml version="1.0" encoding="UTF-8"?>
<testng-results ignored="0" total="1" passed="1" failed="0" skipped="0">
  <reporter-output>
  </reporter-output>
  <suite started-at="2025-07-10T18:29:17 IST" name="Default suite" finished-at="2025-07-10T18:30:03 IST" duration-ms="45891">
    <groups>
      <group name="cucumber">
        <method signature="AbstractTestNGCucumberTests.runScenario(io.cucumber.testng.PickleWrapper,io.cucumber.testng.FeatureWrapper)[pri:0, instance:testRunner_TestNG.TestNGTestRunner@6f0cb5a1]" name="runScenario" class="io.cucumber.testng.AbstractTestNGCucumberTests"/>
      </group> <!-- cucumber -->
    </groups>
    <test started-at="2025-07-10T18:29:17 IST" name="Default test" finished-at="2025-07-10T18:30:03 IST" duration-ms="45891">
      <class name="testRunner_TestNG.TestNGTestRunner">
        <test-method is-config="true" signature="setUpClass(org.testng.ITestContext)[pri:0, instance:testRunner_TestNG.TestNGTestRunner@6f0cb5a1]" started-at="2025-07-10T18:29:17 IST" name="setUpClass" finished-at="2025-07-10T18:29:19 IST" duration-ms="1970" status="PASS">
          <params>
            <param index="0">
              <value>
                <![CDATA[org.testng.TestRunner@75b6bd41]]>
              </value>
            </param>
          </params>
          <reporter-output>
          </reporter-output>
        </test-method> <!-- setUpClass -->
        <test-method signature="runScenario(io.cucumber.testng.PickleWrapper,io.cucumber.testng.FeatureWrapper)[pri:0, instance:testRunner_TestNG.TestNGTestRunner@6f0cb5a1]" started-at="2025-07-10T18:29:19 IST" name="runScenario" description="Runs Cucumber Scenarios" data-provider="scenarios" finished-at="2025-07-10T18:30:02 IST" duration-ms="42890" status="PASS">
          <params>
            <param index="0">
              <value>
                <![CDATA["Take screenshots of App Store and Play Store pages"]]>
              </value>
            </param>
            <param index="1">
              <value>
                <![CDATA["App Store and Play Store screenshots"]]>
              </value>
            </param>
          </params>
          <reporter-output>
          </reporter-output>
        </test-method> <!-- runScenario -->
        <test-method is-config="true" signature="generateReport()[pri:0, instance:testRunner_TestNG.TestNGTestRunner@6f0cb5a1]" started-at="2025-07-10T18:30:02 IST" name="generateReport" finished-at="2025-07-10T18:30:03 IST" duration-ms="451" status="PASS">
          <reporter-output>
          </reporter-output>
        </test-method> <!-- generateReport -->
        <test-method is-config="true" signature="tearDownClass()[pri:0, instance:testRunner_TestNG.TestNGTestRunner@6f0cb5a1]" started-at="2025-07-10T18:30:03 IST" name="tearDownClass" finished-at="2025-07-10T18:30:03 IST" duration-ms="468" status="PASS">
          <reporter-output>
          </reporter-output>
        </test-method> <!-- tearDownClass -->
      </class> <!-- testRunner_TestNG.TestNGTestRunner -->
    </test> <!-- Default test -->
  </suite> <!-- Default suite -->
</testng-results>
