<?xml version="1.0" encoding="UTF-8"?>
<testng-results ignored="0" total="1" passed="1" failed="0" skipped="0">
  <reporter-output>
  </reporter-output>
  <suite started-at="2025-07-02T16:04:07 IST" name="Default suite" finished-at="2025-07-02T16:04:27 IST" duration-ms="20190">
    <groups>
    </groups>
    <test started-at="2025-07-02T16:04:07 IST" name="Default test" finished-at="2025-07-02T16:04:27 IST" duration-ms="20190">
      <class name="testCases.TC_005_OnlineDegrees">
        <test-method is-config="true" signature="setup()[pri:0, instance:testCases.TC_005_OnlineDegrees@55fe41ea]" started-at="2025-07-02T16:04:07 IST" name="setup" finished-at="2025-07-02T16:04:13 IST" duration-ms="6617" status="PASS">
          <reporter-output>
          </reporter-output>
        </test-method> <!-- setup -->
        <test-method signature="extractOnlineDegreesData()[pri:0, instance:testCases.TC_005_OnlineDegrees@55fe41ea]" started-at="2025-07-02T16:04:13 IST" name="extractOnlineDegreesData" finished-at="2025-07-02T16:04:24 IST" duration-ms="10367" status="PASS">
          <reporter-output>
          </reporter-output>
        </test-method> <!-- extractOnlineDegreesData -->
        <test-method is-config="true" signature="tearDown()[pri:0, instance:testCases.TC_005_OnlineDegrees@55fe41ea]" started-at="2025-07-02T16:04:24 IST" name="tearDown" finished-at="2025-07-02T16:04:27 IST" duration-ms="3165" status="PASS">
          <reporter-output>
          </reporter-output>
        </test-method> <!-- tearDown -->
      </class> <!-- testCases.TC_005_OnlineDegrees -->
    </test> <!-- Default test -->
  </suite> <!-- Default suite -->
</testng-results>
