<?xml version="1.0" encoding="UTF-8"?>
<testng-results ignored="0" total="1" passed="1" failed="0" skipped="0">
  <reporter-output>
  </reporter-output>
  <suite started-at="2025-07-02T19:27:23 IST" name="Default suite" finished-at="2025-07-02T19:28:28 IST" duration-ms="64970">
    <groups>
    </groups>
    <test started-at="2025-07-02T19:27:23 IST" name="Default test" finished-at="2025-07-02T19:28:28 IST" duration-ms="64970">
      <class name="testCases.TC_007_CourseContent">
        <test-method is-config="true" signature="setup()[pri:0, instance:testCases.TC_007_CourseContent@253d9f73]" started-at="2025-07-02T19:27:23 IST" name="setup" finished-at="2025-07-02T19:27:31 IST" duration-ms="7500" status="PASS">
          <reporter-output>
          </reporter-output>
        </test-method> <!-- setup -->
        <test-method signature="aboutCourse()[pri:0, instance:testCases.TC_007_CourseContent@253d9f73]" started-at="2025-07-02T19:27:31 IST" name="aboutCourse" finished-at="2025-07-02T19:28:26 IST" duration-ms="55036" status="PASS">
          <reporter-output>
          </reporter-output>
        </test-method> <!-- aboutCourse -->
        <test-method is-config="true" signature="tearDown()[pri:0, instance:testCases.TC_007_CourseContent@253d9f73]" started-at="2025-07-02T19:28:26 IST" name="tearDown" finished-at="2025-07-02T19:28:28 IST" duration-ms="2383" status="PASS">
          <reporter-output>
          </reporter-output>
        </test-method> <!-- tearDown -->
      </class> <!-- testCases.TC_007_CourseContent -->
    </test> <!-- Default test -->
  </suite> <!-- Default suite -->
</testng-results>
