<?xml version="1.0" encoding="UTF-8"?>
<testng-results ignored="0" total="1" passed="1" failed="0" skipped="0">
  <reporter-output>
  </reporter-output>
  <suite started-at="2025-07-10T14:29:58 IST" name="Default suite" finished-at="2025-07-10T14:30:42 IST" duration-ms="43366">
    <groups>
    </groups>
    <test started-at="2025-07-10T14:29:58 IST" name="Default test" finished-at="2025-07-10T14:30:42 IST" duration-ms="43366">
      <class name="testCases.TC_003_PrintErrorMsz">
        <test-method is-config="true" signature="setup()[pri:0, instance:testCases.TC_003_PrintErrorMsz@1a3e5f23]" started-at="2025-07-10T14:29:58 IST" name="setup" finished-at="2025-07-10T14:30:10 IST" duration-ms="11922" status="PASS">
          <reporter-output>
          </reporter-output>
        </test-method> <!-- setup -->
        <test-method signature="email_phone_error()[pri:0, instance:testCases.TC_003_PrintErrorMsz@1a3e5f23]" started-at="2025-07-10T14:30:10 IST" name="email_phone_error" finished-at="2025-07-10T14:30:38 IST" duration-ms="27671" status="PASS">
          <reporter-output>
          </reporter-output>
        </test-method> <!-- email_phone_error -->
        <test-method is-config="true" signature="tearDown()[pri:0, instance:testCases.TC_003_PrintErrorMsz@1a3e5f23]" started-at="2025-07-10T14:30:38 IST" name="tearDown" finished-at="2025-07-10T14:30:42 IST" duration-ms="3379" status="PASS">
          <reporter-output>
          </reporter-output>
        </test-method> <!-- tearDown -->
      </class> <!-- testCases.TC_003_PrintErrorMsz -->
    </test> <!-- Default test -->
  </suite> <!-- Default suite -->
</testng-results>
