<?xml version="1.0" encoding="UTF-8"?>
<testng-results ignored="0" total="1" passed="1" failed="0" skipped="0">
  <reporter-output>
  </reporter-output>
  <suite started-at="2025-07-02T12:23:43 IST" name="Suite" finished-at="2025-07-02T12:24:09 IST" duration-ms="26638">
    <groups>
    </groups>
    <test started-at="2025-07-02T12:23:43 IST" name="Test" finished-at="2025-07-02T12:24:09 IST" duration-ms="26638">
      <class name="testCases.TC_001_CourseDetails">
        <test-method is-config="true" signature="setup()[pri:0, instance:testCases.TC_001_CourseDetails@7e3181aa]" started-at="2025-07-02T12:23:43 IST" name="setup" finished-at="2025-07-02T12:23:52 IST" duration-ms="9055" status="PASS">
          <reporter-output>
          </reporter-output>
        </test-method> <!-- setup -->
        <test-method signature="Courses()[pri:0, instance:testCases.TC_001_CourseDetails@7e3181aa]" started-at="2025-07-02T12:23:52 IST" name="Courses" finished-at="2025-07-02T12:24:09 IST" duration-ms="17187" status="PASS">
          <reporter-output>
          </reporter-output>
        </test-method> <!-- Courses -->
        <test-method is-config="true" signature="tearDown()[pri:0, instance:testCases.TC_001_CourseDetails@7e3181aa]" started-at="2025-07-02T12:24:09 IST" name="tearDown" finished-at="2025-07-02T12:24:09 IST" duration-ms="336" status="PASS">
          <reporter-output>
          </reporter-output>
        </test-method> <!-- tearDown -->
      </class> <!-- testCases.TC_001_CourseDetails -->
    </test> <!-- Test -->
  </suite> <!-- Suite -->
</testng-results>
