<?xml version="1.0" encoding="UTF-8"?>
<testng-results ignored="0" total="1" passed="1" failed="0" skipped="0">
  <reporter-output>
  </reporter-output>
  <suite started-at="2025-07-08T22:31:53 IST" name="Default suite" finished-at="2025-07-08T22:32:42 IST" duration-ms="49096">
    <groups>
    </groups>
    <test started-at="2025-07-08T22:31:53 IST" name="Default test" finished-at="2025-07-08T22:32:42 IST" duration-ms="49096">
      <class name="testCases.TC_001_CourseDetails">
        <test-method is-config="true" signature="setup()[pri:0, instance:testCases.TC_001_CourseDetails@587e5365]" started-at="2025-07-08T22:31:53 IST" name="setup" finished-at="2025-07-08T22:32:18 IST" duration-ms="24559" status="PASS">
          <reporter-output>
          </reporter-output>
        </test-method> <!-- setup -->
        <test-method signature="Courses()[pri:0, instance:testCases.TC_001_CourseDetails@587e5365]" started-at="2025-07-08T22:32:18 IST" name="Courses" finished-at="2025-07-08T22:32:39 IST" duration-ms="20568" status="PASS">
          <reporter-output>
          </reporter-output>
        </test-method> <!-- Courses -->
        <test-method is-config="true" signature="tearDown()[pri:0, instance:testCases.TC_001_CourseDetails@587e5365]" started-at="2025-07-08T22:32:39 IST" name="tearDown" finished-at="2025-07-08T22:32:42 IST" duration-ms="3908" status="PASS">
          <reporter-output>
          </reporter-output>
        </test-method> <!-- tearDown -->
      </class> <!-- testCases.TC_001_CourseDetails -->
    </test> <!-- Default test -->
  </suite> <!-- Default suite -->
</testng-results>
