<?xml version="1.0" encoding="UTF-8"?>
<testng-results ignored="0" total="1" passed="1" failed="0" skipped="0">
  <reporter-output>
  </reporter-output>
  <suite started-at="2025-07-08T11:21:26 IST" name="Default suite" finished-at="2025-07-08T11:21:56 IST" duration-ms="29987">
    <groups>
    </groups>
    <test started-at="2025-07-08T11:21:26 IST" name="Default test" finished-at="2025-07-08T11:21:56 IST" duration-ms="29987">
      <class name="testCases.TC_001_CourseDetails">
        <test-method is-config="true" signature="setup()[pri:0, instance:testCases.TC_001_CourseDetails@587e5365]" started-at="2025-07-08T11:21:26 IST" name="setup" finished-at="2025-07-08T11:21:35 IST" duration-ms="8411" status="PASS">
          <reporter-output>
          </reporter-output>
        </test-method> <!-- setup -->
        <test-method signature="Courses()[pri:0, instance:testCases.TC_001_CourseDetails@587e5365]" started-at="2025-07-08T11:21:35 IST" name="Courses" finished-at="2025-07-08T11:21:53 IST" duration-ms="18291" status="PASS">
          <reporter-output>
          </reporter-output>
        </test-method> <!-- Courses -->
        <test-method is-config="true" signature="tearDown()[pri:0, instance:testCases.TC_001_CourseDetails@587e5365]" started-at="2025-07-08T11:21:53 IST" name="tearDown" finished-at="2025-07-08T11:21:56 IST" duration-ms="3200" status="PASS">
          <reporter-output>
          </reporter-output>
        </test-method> <!-- tearDown -->
      </class> <!-- testCases.TC_001_CourseDetails -->
    </test> <!-- Default test -->
  </suite> <!-- Default suite -->
</testng-results>
