<?xml version="1.0" encoding="UTF-8"?>
<testng-results ignored="0" total="1" passed="1" failed="0" skipped="0">
  <reporter-output>
  </reporter-output>
  <suite started-at="2025-07-09T11:15:36 IST" name="Default suite" finished-at="2025-07-09T11:15:53 IST" duration-ms="17132">
    <groups>
    </groups>
    <test started-at="2025-07-09T11:15:36 IST" name="Default test" finished-at="2025-07-09T11:15:53 IST" duration-ms="17132">
      <class name="testCases.TC_009_Footer">
        <test-method is-config="true" signature="setup()[pri:0, instance:testCases.TC_009_Footer@587e5365]" started-at="2025-07-09T11:15:36 IST" name="setup" finished-at="2025-07-09T11:15:49 IST" duration-ms="12203" status="PASS">
          <reporter-output>
          </reporter-output>
        </test-method> <!-- setup -->
        <test-method signature="footerData()[pri:0, instance:testCases.TC_009_Footer@587e5365]" started-at="2025-07-09T11:15:49 IST" name="footerData" finished-at="2025-07-09T11:15:51 IST" duration-ms="1917" status="PASS">
          <reporter-output>
          </reporter-output>
        </test-method> <!-- footerData -->
        <test-method is-config="true" signature="tearDown()[pri:0, instance:testCases.TC_009_Footer@587e5365]" started-at="2025-07-09T11:15:51 IST" name="tearDown" finished-at="2025-07-09T11:15:53 IST" duration-ms="2950" status="PASS">
          <reporter-output>
          </reporter-output>
        </test-method> <!-- tearDown -->
      </class> <!-- testCases.TC_009_Footer -->
    </test> <!-- Default test -->
  </suite> <!-- Default suite -->
</testng-results>
