<?xml version="1.0" encoding="UTF-8"?>
<testng-results ignored="0" total="2" passed="2" failed="0" skipped="0">
  <reporter-output>
  </reporter-output>
  <suite started-at="2025-07-02T14:14:22 IST" name="Default suite" finished-at="2025-07-02T14:15:34 IST" duration-ms="71253">
    <groups>
    </groups>
    <test started-at="2025-07-02T14:14:22 IST" name="Default test" finished-at="2025-07-02T14:15:34 IST" duration-ms="71253">
      <class name="testCases.TC_002_LanguagesList">
        <test-method is-config="true" signature="setup()[pri:0, instance:testCases.TC_002_LanguagesList@142269f2]" started-at="2025-07-02T14:14:58 IST" name="setup" finished-at="2025-07-02T14:15:06 IST" duration-ms="8427" status="PASS">
          <reporter-output>
          </reporter-output>
        </test-method> <!-- setup -->
        <test-method signature="AllLanguages()[pri:0, instance:testCases.TC_002_LanguagesList@142269f2]" started-at="2025-07-02T14:15:06 IST" name="AllLanguages" finished-at="2025-07-02T14:15:26 IST" depends-on-methods="testCases.TC_001_CourseDetails.Courses" duration-ms="20092" status="PASS">
          <reporter-output>
          </reporter-output>
        </test-method> <!-- AllLanguages -->
        <test-method is-config="true" signature="tearDown()[pri:0, instance:testCases.TC_002_LanguagesList@142269f2]" started-at="2025-07-02T14:15:26 IST" name="tearDown" finished-at="2025-07-02T14:15:34 IST" duration-ms="7097" status="PASS">
          <reporter-output>
          </reporter-output>
        </test-method> <!-- tearDown -->
      </class> <!-- testCases.TC_002_LanguagesList -->
      <class name="testCases.TC_001_CourseDetails">
        <test-method is-config="true" signature="setup()[pri:0, instance:testCases.TC_001_CourseDetails@a22cb6a]" started-at="2025-07-02T14:14:22 IST" name="setup" finished-at="2025-07-02T14:14:32 IST" duration-ms="9382" status="PASS">
          <reporter-output>
          </reporter-output>
        </test-method> <!-- setup -->
        <test-method signature="Courses()[pri:0, instance:testCases.TC_001_CourseDetails@a22cb6a]" started-at="2025-07-02T14:14:32 IST" name="Courses" finished-at="2025-07-02T14:14:54 IST" duration-ms="21791" status="PASS">
          <reporter-output>
          </reporter-output>
        </test-method> <!-- Courses -->
        <test-method is-config="true" signature="tearDown()[pri:0, instance:testCases.TC_001_CourseDetails@a22cb6a]" started-at="2025-07-02T14:14:54 IST" name="tearDown" finished-at="2025-07-02T14:14:58 IST" duration-ms="4399" status="PASS">
          <reporter-output>
          </reporter-output>
        </test-method> <!-- tearDown -->
      </class> <!-- testCases.TC_001_CourseDetails -->
    </test> <!-- Default test -->
  </suite> <!-- Default suite -->
</testng-results>
